2025-02-21 10:38:30,094 - WARNING - High risk position detected: 100.00% on ticket 50295737
2025-02-21 10:38:30,094 - WARNING - High risk position detected: 100.00% on ticket 50305790
2025-02-21 10:38:30,094 - WARNING - High risk position detected: 100.00% on ticket 53323167
2025-02-21 10:38:30,095 - WARNING - High risk position detected: 100.00% on ticket 53669617
2025-02-21 10:38:30,095 - INFO - Active Position: {'ticket': 50295737, 'type': 'BUY', 'volume': 0.03, 'open_price': 2905.08, 'current_price': 2927.39, 'sl': 0.0, 'tp': 0.0, 'unrealized_pnl': 0.6692999999999983, 'risk_percent': 100.0}
2025-02-21 10:38:30,095 - INFO - Active Position: {'ticket': 50305790, 'type': 'BUY', 'volume': 0.03, 'open_price': 2902.56, 'current_price': 2927.39, 'sl': 0.0, 'tp': 0.0, 'unrealized_pnl': 0.7448999999999978, 'risk_percent': 100.0}
2025-02-21 10:38:30,095 - INFO - Active Position: {'ticket': 53323167, 'type': 'BUY', 'volume': 0.09, 'open_price': 2943.57, 'current_price': 2927.39, 'sl': 0.0, 'tp': 2943.56, 'unrealized_pnl': -1.4562000000000261, 'risk_percent': 100.0}
2025-02-21 10:38:30,095 - INFO - Active Position: {'ticket': 53669617, 'type': 'SELL', 'volume': 0.09, 'open_price': 2927.06, 'current_price': 2927.57, 'sl': 0.0, 'tp': 0.0, 'unrealized_pnl': 0.04590000000001964, 'risk_percent': 100.0}
2025-02-21 10:38:30,106 - INFO - Trading Performance: {'total_trades': 4, 'win_rate': 25.0, 'total_profit': np.float64(100000.0), 'average_win': np.float64(100000.0), 'average_loss': np.float64(0.0), 'profit_factor': 0}
2025-02-21 11:15:48,884 - WARNING - High risk position detected: 100.00% on ticket 50295737
2025-02-21 11:15:48,885 - WARNING - High risk position detected: 100.00% on ticket 50305790
2025-02-21 11:15:48,885 - WARNING - High risk position detected: 100.00% on ticket 53323167
2025-02-21 11:15:48,885 - WARNING - High risk position detected: 100.00% on ticket 53669617
2025-02-21 11:15:48,885 - INFO - Active Position: {'ticket': 50295737, 'type': 'BUY', 'volume': 0.03, 'open_price': 2905.08, 'current_price': 2930.31, 'sl': 0.0, 'tp': 0.0, 'unrealized_pnl': 0.7569000000000006, 'risk_percent': 100.0}
2025-02-21 11:15:48,886 - INFO - Active Position: {'ticket': 50305790, 'type': 'BUY', 'volume': 0.03, 'open_price': 2902.56, 'current_price': 2930.31, 'sl': 0.0, 'tp': 0.0, 'unrealized_pnl': 0.8325, 'risk_percent': 100.0}
2025-02-21 11:15:48,886 - INFO - Active Position: {'ticket': 53323167, 'type': 'BUY', 'volume': 0.09, 'open_price': 2943.57, 'current_price': 2930.31, 'sl': 0.0, 'tp': 2943.56, 'unrealized_pnl': -1.1934000000000196, 'risk_percent': 100.0}
2025-02-21 11:15:48,886 - INFO - Active Position: {'ticket': 53669617, 'type': 'SELL', 'volume': 0.09, 'open_price': 2927.06, 'current_price': 2930.49, 'sl': 0.0, 'tp': 0.0, 'unrealized_pnl': 0.30869999999998526, 'risk_percent': 100.0}
2025-02-21 11:15:48,899 - INFO - Trading Performance: {'total_trades': 4, 'win_rate': 25.0, 'total_profit': np.float64(100000.0), 'average_win': np.float64(100000.0), 'average_loss': np.float64(0.0), 'profit_factor': 0}
2025-03-01 03:57:54,553 - WARNING - High risk position detected: 100.00% on ticket 50295737
2025-03-01 03:57:54,554 - WARNING - High risk position detected: 100.00% on ticket 50305790
2025-03-01 03:57:54,554 - WARNING - High risk position detected: 100.00% on ticket 53669617
2025-03-01 03:57:54,554 - INFO - Active Position: {'ticket': 50295737, 'type': 'BUY', 'volume': 0.03, 'open_price': 2905.08, 'current_price': 2859.15, 'sl': 0.0, 'tp': 0.0, 'unrealized_pnl': -1.377899999999995, 'risk_percent': 100.0}
2025-03-01 03:57:54,555 - INFO - Active Position: {'ticket': 50305790, 'type': 'BUY', 'volume': 0.03, 'open_price': 2902.56, 'current_price': 2859.15, 'sl': 0.0, 'tp': 0.0, 'unrealized_pnl': -1.3022999999999956, 'risk_percent': 100.0}
2025-03-01 03:57:54,555 - INFO - Active Position: {'ticket': 53669617, 'type': 'SELL', 'volume': 0.09, 'open_price': 2927.06, 'current_price': 2859.38, 'sl': 0.0, 'tp': 0.0, 'unrealized_pnl': -6.091199999999985, 'risk_percent': 100.0}
2025-03-01 03:57:54,575 - INFO - Trading Performance: {'total_trades': 6, 'win_rate': 16.666666666666664, 'total_profit': np.float64(99999.91), 'average_win': np.float64(100000.0), 'average_loss': np.float64(-0.018), 'profit_factor': np.float64(5555555.555555556)}
2025-03-01 04:04:50,287 - ERROR - Failed to initialize MT5
2025-03-01 04:07:29,916 - WARNING - High risk position detected: 100.00% on ticket 50295737
2025-03-01 04:07:29,917 - WARNING - High risk position detected: 100.00% on ticket 50305790
2025-03-01 04:07:29,917 - WARNING - High risk position detected: 100.00% on ticket 53669617
2025-03-01 04:07:29,917 - INFO - Active Position: {'ticket': 50295737, 'type': 'BUY', 'volume': 0.03, 'open_price': 2905.08, 'current_price': 2859.15, 'sl': 0.0, 'tp': 0.0, 'unrealized_pnl': -1.377899999999995, 'risk_percent': 100.0}
2025-03-01 04:07:29,917 - INFO - Active Position: {'ticket': 50305790, 'type': 'BUY', 'volume': 0.03, 'open_price': 2902.56, 'current_price': 2859.15, 'sl': 0.0, 'tp': 0.0, 'unrealized_pnl': -1.3022999999999956, 'risk_percent': 100.0}
2025-03-01 04:07:29,918 - INFO - Active Position: {'ticket': 53669617, 'type': 'SELL', 'volume': 0.09, 'open_price': 2927.06, 'current_price': 2859.38, 'sl': 0.0, 'tp': 0.0, 'unrealized_pnl': -6.091199999999985, 'risk_percent': 100.0}
2025-03-01 04:07:29,930 - INFO - Trading Performance: {'total_trades': 6, 'win_rate': 16.666666666666664, 'total_profit': np.float64(99999.91), 'average_win': np.float64(100000.0), 'average_loss': np.float64(-0.018), 'profit_factor': np.float64(5555555.555555556)}
2025-03-01 04:12:29,931 - WARNING - High risk position detected: 100.00% on ticket 50295737
2025-03-01 04:12:29,931 - WARNING - High risk position detected: 100.00% on ticket 50305790
2025-03-01 04:12:29,931 - WARNING - High risk position detected: 100.00% on ticket 53669617
2025-03-01 04:12:29,931 - INFO - Active Position: {'ticket': 50295737, 'type': 'BUY', 'volume': 0.03, 'open_price': 2905.08, 'current_price': 2859.15, 'sl': 0.0, 'tp': 0.0, 'unrealized_pnl': -1.377899999999995, 'risk_percent': 100.0}
2025-03-01 04:12:29,933 - INFO - Active Position: {'ticket': 50305790, 'type': 'BUY', 'volume': 0.03, 'open_price': 2902.56, 'current_price': 2859.15, 'sl': 0.0, 'tp': 0.0, 'unrealized_pnl': -1.3022999999999956, 'risk_percent': 100.0}
2025-03-01 04:12:29,933 - INFO - Active Position: {'ticket': 53669617, 'type': 'SELL', 'volume': 0.09, 'open_price': 2927.06, 'current_price': 2859.38, 'sl': 0.0, 'tp': 0.0, 'unrealized_pnl': -6.091199999999985, 'risk_percent': 100.0}
2025-03-01 04:12:29,938 - INFO - Trading Performance: {'total_trades': 6, 'win_rate': 16.666666666666664, 'total_profit': np.float64(99999.91), 'average_win': np.float64(100000.0), 'average_loss': np.float64(-0.018), 'profit_factor': np.float64(5555555.555555556)}
2025-03-01 04:17:29,938 - WARNING - High risk position detected: 100.00% on ticket 50295737
2025-03-01 04:17:29,939 - WARNING - High risk position detected: 100.00% on ticket 50305790
2025-03-01 04:17:29,939 - WARNING - High risk position detected: 100.00% on ticket 53669617
2025-03-01 04:17:29,939 - INFO - Active Position: {'ticket': 50295737, 'type': 'BUY', 'volume': 0.03, 'open_price': 2905.08, 'current_price': 2859.15, 'sl': 0.0, 'tp': 0.0, 'unrealized_pnl': -1.377899999999995, 'risk_percent': 100.0}
2025-03-01 04:17:29,939 - INFO - Active Position: {'ticket': 50305790, 'type': 'BUY', 'volume': 0.03, 'open_price': 2902.56, 'current_price': 2859.15, 'sl': 0.0, 'tp': 0.0, 'unrealized_pnl': -1.3022999999999956, 'risk_percent': 100.0}
2025-03-01 04:17:29,939 - INFO - Active Position: {'ticket': 53669617, 'type': 'SELL', 'volume': 0.09, 'open_price': 2927.06, 'current_price': 2859.38, 'sl': 0.0, 'tp': 0.0, 'unrealized_pnl': -6.091199999999985, 'risk_percent': 100.0}
2025-03-01 04:17:29,942 - INFO - Trading Performance: {'total_trades': 6, 'win_rate': 16.666666666666664, 'total_profit': np.float64(99999.91), 'average_win': np.float64(100000.0), 'average_loss': np.float64(-0.018), 'profit_factor': np.float64(5555555.555555556)}
